2018-03-01 15:58:08,324 ERROR [Worker-4] - System.err - java.nio.file.NoSuchFileException: /usr/lib/jvm/java-8-oracle/jre/release
2018-03-01 15:58:08,325 ERROR [Worker-4] - System.err - at sun.nio.fs.UnixException.translateToIOException(UnixException.java:86)
2018-03-01 15:58:08,325 ERROR [Worker-4] - System.err - at sun.nio.fs.UnixException.rethrowAsIOException(UnixException.java:102)
2018-03-01 15:58:08,326 ERROR [Worker-4] - System.err - at sun.nio.fs.UnixException.rethrowAsIOException(UnixException.java:107)
2018-03-01 15:58:08,326 ERROR [Worker-4] - System.err - at sun.nio.fs.UnixFileSystemProvider.newByteChannel(UnixFileSystemProvider.java:214)
2018-03-01 15:58:08,326 ERROR [Worker-4] - System.err - at java.nio.file.Files.newByteChannel(Files.java:361)
2018-03-01 15:58:08,326 ERROR [Worker-4] - System.err - at java.nio.file.Files.newByteChannel(Files.java:407)
2018-03-01 15:58:08,326 ERROR [Worker-4] - System.err - at java.nio.file.spi.FileSystemProvider.newInputStream(FileSystemProvider.java:384)
2018-03-01 15:58:08,326 ERROR [Worker-4] - System.err - at java.nio.file.Files.newInputStream(Files.java:152)
2018-03-01 15:58:08,326 ERROR [Worker-4] - System.err - at java.nio.file.Files.newBufferedReader(Files.java:2784)
2018-03-01 15:58:08,326 ERROR [Worker-4] - System.err - at java.nio.file.Files.lines(Files.java:3744)
2018-03-01 15:58:08,326 ERROR [Worker-4] - System.err - at java.nio.file.Files.lines(Files.java:3785)
2018-03-01 15:58:08,326 ERROR [Worker-4] - System.err - at org.eclipse.jdt.internal.launching.StandardVMType.readReleaseVersion(StandardVMType.java:832)
2018-03-01 15:58:08,326 ERROR [Worker-4] - System.err - at org.eclipse.jdt.internal.launching.StandardVMType.getLibraryInfo(StandardVMType.java:214)
2018-03-01 15:58:08,326 ERROR [Worker-4] - System.err - at org.eclipse.jdt.internal.launching.StandardVMType.getVMVersion(StandardVMType.java:256)
2018-03-01 15:58:08,326 ERROR [Worker-4] - System.err - at org.eclipse.jdt.internal.launching.Standard11xVMType.canDetectDefaultSystemLibraries(Standard11xVMType.java:98)
2018-03-01 15:58:08,326 ERROR [Worker-4] - System.err - at org.eclipse.jdt.internal.launching.StandardVMType.getJavaHomeLocation(StandardVMType.java:315)
2018-03-01 15:58:08,326 ERROR [Worker-4] - System.err - at org.eclipse.jdt.internal.launching.StandardVMType.detectInstallLocation(StandardVMType.java:269)
2018-03-01 15:58:08,326 ERROR [Worker-4] - System.err - at org.eclipse.jdt.launching.JavaRuntime.detectEclipseRuntime(JavaRuntime.java:2075)
2018-03-01 15:58:08,326 ERROR [Worker-4] - System.err - at org.eclipse.jdt.launching.JavaRuntime.initializeVMs(JavaRuntime.java:3042)
2018-03-01 15:58:08,326 ERROR [Worker-4] - System.err - at org.eclipse.jdt.launching.JavaRuntime.getVMInstallTypes(JavaRuntime.java:543)
2018-03-01 15:58:08,326 ERROR [Worker-4] - System.err - at org.eclipse.jdt.internal.launching.environments.EnvironmentsManager.initializeCompatibilities(EnvironmentsManager.java:241)
2018-03-01 15:58:08,326 ERROR [Worker-4] - System.err - at org.eclipse.jdt.internal.launching.environments.ExecutionEnvironment.init(ExecutionEnvironment.java:181)
2018-03-01 15:58:08,326 ERROR [Worker-4] - System.err - at org.eclipse.jdt.internal.launching.environments.ExecutionEnvironment.getDefaultVM(ExecutionEnvironment.java:223)
2018-03-01 15:58:08,326 ERROR [Worker-4] - System.err - at org.eclipse.jdt.internal.launching.JREContainerInitializer.resolveVM(JREContainerInitializer.java:176)
2018-03-01 15:58:08,326 ERROR [Worker-4] - System.err - at org.eclipse.jdt.internal.launching.JREContainerInitializer.resolveVM(JREContainerInitializer.java:143)
2018-03-01 15:58:08,326 ERROR [Worker-4] - System.err - at org.eclipse.jdt.internal.launching.JREContainerInitializer.initialize(JREContainerInitializer.java:60)
2018-03-01 15:58:08,326 ERROR [Worker-4] - System.err - at org.eclipse.jdt.internal.core.JavaModelManager.initializeContainer(JavaModelManager.java:3112)
2018-03-01 15:58:08,326 ERROR [Worker-4] - System.err - at org.eclipse.jdt.internal.core.JavaModelManager$10.run(JavaModelManager.java:3018)
2018-03-01 15:58:08,326 ERROR [Worker-4] - System.err - at org.eclipse.core.internal.resources.Workspace.run(Workspace.java:2240)
2018-03-01 15:58:08,326 ERROR [Worker-4] - System.err - at org.eclipse.core.internal.resources.Workspace.run(Workspace.java:2267)
2018-03-01 15:58:08,327 ERROR [Worker-4] - System.err - at org.eclipse.jdt.internal.core.JavaModelManager.initializeAllContainers(JavaModelManager.java:3058)
2018-03-01 15:58:08,327 ERROR [Worker-4] - System.err - at org.eclipse.jdt.internal.core.JavaModelManager.getClasspathContainer(JavaModelManager.java:2056)
2018-03-01 15:58:08,327 ERROR [Worker-4] - System.err - at org.eclipse.jdt.core.JavaCore.getClasspathContainer(JavaCore.java:3548)
2018-03-01 15:58:08,327 ERROR [Worker-4] - System.err - at org.eclipse.jdt.internal.core.JavaProject.resolveClasspath(JavaProject.java:2986)
2018-03-01 15:58:08,327 ERROR [Worker-4] - System.err - at org.eclipse.jdt.internal.core.JavaProject.resolveClasspath(JavaProject.java:2909)
2018-03-01 15:58:08,327 ERROR [Worker-4] - System.err - at org.eclipse.jdt.internal.core.ClasspathEntry.validateClasspath(ClasspathEntry.java:1826)
2018-03-01 15:58:08,327 ERROR [Worker-4] - System.err - at org.eclipse.jdt.internal.core.SetClasspathOperation.verify(SetClasspathOperation.java:118)
2018-03-01 15:58:08,327 ERROR [Worker-4] - System.err - at org.eclipse.jdt.internal.core.JavaModelOperation.runOperation(JavaModelOperation.java:784)
2018-03-01 15:58:08,327 ERROR [Worker-4] - System.err - at org.eclipse.jdt.internal.core.JavaProject.setRawClasspath(JavaProject.java:3390)
2018-03-01 15:58:08,327 ERROR [Worker-4] - System.err - at org.eclipse.jdt.internal.core.JavaProject.setRawClasspath(JavaProject.java:3352)
2018-03-01 15:58:08,327 ERROR [Worker-4] - System.err - at org.eclipse.jdt.internal.core.JavaProject.setRawClasspath(JavaProject.java:3364)
2018-03-01 15:58:08,327 ERROR [Worker-4] - System.err - at org.eclipse.m2e.jdt.internal.AbstractJavaProjectConfigurator.configure(AbstractJavaProjectConfigurator.java:148)
2018-03-01 15:58:08,327 ERROR [Worker-4] - System.err - at org.eclipse.m2e.core.project.configurator.AbstractLifecycleMapping.configure(AbstractLifecycleMapping.java:120)
2018-03-01 15:58:08,327 ERROR [Worker-4] - System.err - at org.eclipse.m2e.core.internal.project.ProjectConfigurationManager$3.call(ProjectConfigurationManager.java:508)
2018-03-01 15:58:08,327 ERROR [Worker-4] - System.err - at org.eclipse.m2e.core.internal.project.ProjectConfigurationManager$3.call(ProjectConfigurationManager.java:1)
2018-03-01 15:58:08,327 ERROR [Worker-4] - System.err - at org.eclipse.m2e.core.internal.embedder.MavenExecutionContext.executeBare(MavenExecutionContext.java:177)
2018-03-01 15:58:08,327 ERROR [Worker-4] - System.err - at org.eclipse.m2e.core.internal.embedder.MavenExecutionContext.execute(MavenExecutionContext.java:151)
2018-03-01 15:58:08,327 ERROR [Worker-4] - System.err - at org.eclipse.m2e.core.internal.project.ProjectConfigurationManager.updateProjectConfiguration(ProjectConfigurationManager.java:501)
2018-03-01 15:58:08,327 ERROR [Worker-4] - System.err - at org.eclipse.m2e.core.internal.project.ProjectConfigurationManager.configureNewMavenProjects(ProjectConfigurationManager.java:288)
2018-03-01 15:58:08,327 ERROR [Worker-4] - System.err - at org.eclipse.m2e.core.internal.project.ProjectConfigurationManager$1.call(ProjectConfigurationManager.java:175)
2018-03-01 15:58:08,327 ERROR [Worker-4] - System.err - at org.eclipse.m2e.core.internal.project.ProjectConfigurationManager$1.call(ProjectConfigurationManager.java:1)
2018-03-01 15:58:08,328 ERROR [Worker-4] - System.err - at org.eclipse.m2e.core.internal.embedder.MavenExecutionContext.executeBare(MavenExecutionContext.java:177)
2018-03-01 15:58:08,328 ERROR [Worker-4] - System.err - at org.eclipse.m2e.core.internal.embedder.MavenExecutionContext.execute(MavenExecutionContext.java:112)
2018-03-01 15:58:08,328 ERROR [Worker-4] - System.err - at org.eclipse.m2e.core.internal.embedder.MavenExecutionContext.execute(MavenExecutionContext.java:99)
2018-03-01 15:58:08,328 ERROR [Worker-4] - System.err - at org.eclipse.m2e.core.internal.embedder.MavenImpl.execute(MavenImpl.java:1355)
2018-03-01 15:58:08,328 ERROR [Worker-4] - System.err - at org.eclipse.m2e.core.internal.project.ProjectConfigurationManager.importProjects(ProjectConfigurationManager.java:143)
2018-03-01 15:58:08,328 ERROR [Worker-4] - System.err - at org.eclipse.m2e.core.internal.project.ProjectConfigurationManager.createArchetypeProjects0(ProjectConfigurationManager.java:862)
2018-03-01 15:58:08,328 ERROR [Worker-4] - System.err - at org.eclipse.m2e.core.internal.project.ProjectConfigurationManager$5.call(ProjectConfigurationManager.java:791)
2018-03-01 15:58:08,328 ERROR [Worker-4] - System.err - at org.eclipse.m2e.core.internal.project.ProjectConfigurationManager$5.call(ProjectConfigurationManager.java:1)
2018-03-01 15:58:08,328 ERROR [Worker-4] - System.err - at org.eclipse.m2e.core.internal.embedder.MavenExecutionContext.executeBare(MavenExecutionContext.java:177)
2018-03-01 15:58:08,328 ERROR [Worker-4] - System.err - at org.eclipse.m2e.core.internal.embedder.MavenExecutionContext.execute(MavenExecutionContext.java:151)
2018-03-01 15:58:08,328 ERROR [Worker-4] - System.err - at org.eclipse.m2e.core.internal.embedder.MavenExecutionContext.execute(MavenExecutionContext.java:99)
2018-03-01 15:58:08,328 ERROR [Worker-4] - System.err - at org.eclipse.m2e.core.internal.embedder.MavenImpl.execute(MavenImpl.java:1355)
2018-03-01 15:58:08,328 ERROR [Worker-4] - System.err - at org.eclipse.m2e.core.internal.project.ProjectConfigurationManager.createArchetypeProjects(ProjectConfigurationManager.java:789)
2018-03-01 15:58:08,328 ERROR [Worker-4] - System.err - at org.eclipse.m2e.core.ui.internal.wizards.MavenProjectWizard$5.doCreateMavenProjects(MavenProjectWizard.java:241)
2018-03-01 15:58:08,328 ERROR [Worker-4] - System.err - at org.eclipse.m2e.core.ui.internal.wizards.AbstractCreateMavenProjectJob$1.doCreateMavenProjects(AbstractCreateMavenProjectJob.java:63)
2018-03-01 15:58:08,328 ERROR [Worker-4] - System.err - at org.eclipse.m2e.core.ui.internal.wizards.AbstractCreateMavenProjectsOperation.run(AbstractCreateMavenProjectsOperation.java:73)
2018-03-01 15:58:08,328 ERROR [Worker-4] - System.err - at org.eclipse.m2e.core.ui.internal.wizards.AbstractCreateMavenProjectJob.runInWorkspace(AbstractCreateMavenProjectJob.java:67)
2018-03-01 15:58:08,328 ERROR [Worker-4] - System.err - at org.eclipse.core.internal.resources.InternalWorkspaceJob.run(InternalWorkspaceJob.java:39)
2018-03-01 15:58:08,328 ERROR [Worker-4] - System.err - at org.eclipse.core.internal.jobs.Worker.run(Worker.java:56)
